#
# There is insufficient memory for the Java Runtime Environment to continue.
# Native memory allocation (mmap) failed to map 266338304 bytes for Failed to commit area from 0x0000000702600000 to 0x0000000712400000 of length 266338304.
# Possible reasons:
#   The system is out of physical RAM or swap space
#   The process is running with CompressedOops enabled, and the Java Heap may be blocking the growth of the native heap
# Possible solutions:
#   Reduce memory load on the system
#   Increase physical memory or swap space
#   Check if swap backing store is full
#   Decrease Java heap size (-Xmx/-Xms)
#   Decrease number of Java threads
#   Decrease Java thread stack sizes (-Xss)
#   Set larger code cache with -XX:ReservedCodeCacheSize=
# This output file may be truncated or incomplete.
#
#  Out of Memory Error (./src/hotspot/os/windows/os_windows.cpp:3619), pid=21572, tid=7984
#
# JRE version:  (11.0.13+7) (build )
# Java VM: OpenJDK 64-Bit Server VM (11.0.13+7-b1751.25, mixed mode, sharing, tiered, compressed oops, g1 gc, windows-amd64)
# No core dump will be written. Minidumps are not enabled by default on client versions of Windows
#

---------------  S U M M A R Y ------------

Command Line: git4idea.http.GitAskPassApp Username for 'https://github.com': 

Host: Intel(R) Core(TM) i7-9750H CPU @ 2.60GHz, 12 cores, 15G,  Windows 11 , 64 bit Build 22000 (10.0.22000.708)
Time: Wed Sep 14 16:18:23 2022 West Bank Gaza Daylight Time elapsed time: 0.018429 seconds (0d 0h 0m 0s)

---------------  T H R E A D  ---------------

Current thread (0x000001c37854e000):  JavaThread "Unknown thread" [_thread_in_vm, id=7984, stack(0x0000008f15000000,0x0000008f15100000)]

Stack: [0x0000008f15000000,0x0000008f15100000]
Native frames: (J=compiled Java code, j=interpreted, Vv=VM code, C=native code)
V  [jvm.dll+0x613daa]
V  [jvm.dll+0x799b30]
V  [jvm.dll+0x79b14d]
V  [jvm.dll+0x79b823]
V  [jvm.dll+0x24c958]
V  [jvm.dll+0x610e24]
V  [jvm.dll+0x605b25]
V  [jvm.dll+0x30aaab]
V  [jvm.dll+0x30aa1a]
V  [jvm.dll+0x30a8f2]
V  [jvm.dll+0x30f856]
V  [jvm.dll+0x359143]
V  [jvm.dll+0x359846]
V  [jvm.dll+0x359243]
V  [jvm.dll+0x2e57a8]
V  [jvm.dll+0x2e6947]
V  [jvm.dll+0x776d47]
V  [jvm.dll+0x77853c]
V  [jvm.dll+0x3666c9]
V  [jvm.dll+0x75a9ce]
V  [jvm.dll+0x3d47d3]
V  [jvm.dll+0x3d6d21]
C  [jli.dll+0x536b]
C  [ucrtbase.dll+0x26c0c]
C  [KERNEL32.DLL+0x154e0]
C  [ntdll.dll+0x485b]


---------------  P R O C E S S  ---------------

Threads class SMR info:
_java_thread_list=0x000001c3761e4210, length=0, elements={
}

Java Threads: ( => current thread )

Other Threads:
  0x000001c378568000 GCTaskThread "GC Thread#0" [stack: 0x0000008f15100000,0x0000008f15200000] [id=13096]
  0x000001c3785c4000 ConcurrentGCThread "G1 Main Marker" [stack: 0x0000008f15200000,0x0000008f15300000] [id=33756]
  0x000001c3785c6000 ConcurrentGCThread "G1 Conc#0" [stack: 0x0000008f15300000,0x0000008f15400000] [id=15784]

[error occurred during error reporting (printing all threads), id 0xc0000005, EXCEPTION_ACCESS_VIOLATION (0xc0000005) at pc=0x00007ffa280b5c97]

VM state:not at safepoint (not fully initialized)

VM Mutex/Monitor currently owned by a thread:  ([mutex/lock_event])
[0x000001c37854a300] Heap_lock - owner thread: 0x000001c37854e000

Heap address: 0x0000000702600000, size: 4058 MB, Compressed Oops mode: Non-zero based: 0x0000000702600000
Narrow klass base: 0x0000000000000000, Narrow klass shift: 0

GC Heap History (0 events):
No events

Deoptimization events (0 events):
No events

Classes redefined (0 events):
No events

Internal exceptions (0 events):
No events

Events (1 events):
Event: 0.011 Loaded shared library F:\PhpStorm 2020.2.1\jbr\bin\zip.dll


Dynamic libraries:
0x00007ff68cde0000 - 0x00007ff68cdea000 	F:\PhpStorm 2020.2.1\jbr\bin\java.exe
0x00007ffaa9560000 - 0x00007ffaa9769000 	C:\WINDOWS\SYSTEM32\ntdll.dll
0x00007ffaa8840000 - 0x00007ffaa88fd000 	C:\WINDOWS\System32\KERNEL32.DLL
0x00007ffaa6da0000 - 0x00007ffaa711d000 	C:\WINDOWS\System32\KERNELBASE.dll
0x00007ffaa6ae0000 - 0x00007ffaa6bf1000 	C:\WINDOWS\System32\ucrtbase.dll
0x00007ffa7b440000 - 0x00007ffa7b459000 	F:\PhpStorm 2020.2.1\jbr\bin\jli.dll
0x00007ffa76e80000 - 0x00007ffa76e97000 	F:\PhpStorm 2020.2.1\jbr\bin\VCRUNTIME140.dll
0x00007ffaa7920000 - 0x00007ffaa7acd000 	C:\WINDOWS\System32\USER32.dll
0x00007ffaa6d70000 - 0x00007ffaa6d96000 	C:\WINDOWS\System32\win32u.dll
0x00007ffa8efc0000 - 0x00007ffa8f265000 	C:\WINDOWS\WinSxS\amd64_microsoft.windows.common-controls_6595b64144ccf1df_6.0.22000.120_none_9d947278b86cc467\COMCTL32.dll
0x00007ffaa8300000 - 0x00007ffaa83a3000 	C:\WINDOWS\System32\msvcrt.dll
0x00007ffaa7730000 - 0x00007ffaa7759000 	C:\WINDOWS\System32\GDI32.dll
0x00007ffaa7190000 - 0x00007ffaa72a8000 	C:\WINDOWS\System32\gdi32full.dll
0x00007ffaa6a40000 - 0x00007ffaa6add000 	C:\WINDOWS\System32\msvcp_win.dll
0x00007ffaa73f0000 - 0x00007ffaa7421000 	C:\WINDOWS\System32\IMM32.DLL
0x00007ffa387b0000 - 0x00007ffa3884d000 	F:\PhpStorm 2020.2.1\jbr\bin\msvcp140.dll
0x00007ffa27dc0000 - 0x00007ffa28936000 	F:\PhpStorm 2020.2.1\jbr\bin\server\jvm.dll
0x00007ffaa7760000 - 0x00007ffaa780e000 	C:\WINDOWS\System32\ADVAPI32.dll
0x00007ffaa8d10000 - 0x00007ffaa8dae000 	C:\WINDOWS\System32\sechost.dll
0x00007ffaa8dc0000 - 0x00007ffaa8ee0000 	C:\WINDOWS\System32\RPCRT4.dll
0x00007ffaa94f0000 - 0x00007ffaa94f8000 	C:\WINDOWS\System32\PSAPI.DLL
0x00007ffa908c0000 - 0x00007ffa908c9000 	C:\WINDOWS\SYSTEM32\WSOCK32.dll
0x00007ffaa7ad0000 - 0x00007ffaa7b3f000 	C:\WINDOWS\System32\WS2_32.dll
0x00007ffa9a6e0000 - 0x00007ffa9a6ea000 	C:\WINDOWS\SYSTEM32\VERSION.dll
0x00007ffaa1790000 - 0x00007ffaa17c3000 	C:\WINDOWS\SYSTEM32\WINMM.dll
0x00007ffaa5c30000 - 0x00007ffaa5c48000 	C:\WINDOWS\SYSTEM32\kernel.appcore.dll
0x00007ffaa2080000 - 0x00007ffaa2091000 	F:\PhpStorm 2020.2.1\jbr\bin\verify.dll
0x00007ffa94b90000 - 0x00007ffa94db1000 	C:\WINDOWS\SYSTEM32\DBGHELP.DLL
0x00007ffa74c20000 - 0x00007ffa74c51000 	C:\WINDOWS\SYSTEM32\dbgcore.DLL
0x00007ffaa72b0000 - 0x00007ffaa732f000 	C:\WINDOWS\System32\bcryptPrimitives.dll
0x00007ffa96cb0000 - 0x00007ffa96cd9000 	F:\PhpStorm 2020.2.1\jbr\bin\java.dll
0x00007ffaa1ff0000 - 0x00007ffaa1ffb000 	F:\PhpStorm 2020.2.1\jbr\bin\jimage.dll
0x00007ffa90e30000 - 0x00007ffa90e48000 	F:\PhpStorm 2020.2.1\jbr\bin\zip.dll

dbghelp: loaded successfully - version: 4.0.5 - missing functions: none
symbol engine: initialized successfully - sym options: 0x614 - pdb path: .;F:\PhpStorm 2020.2.1\jbr\bin;C:\WINDOWS\SYSTEM32;C:\WINDOWS\WinSxS\amd64_microsoft.windows.common-controls_6595b64144ccf1df_6.0.22000.120_none_9d947278b86cc467;F:\PhpStorm 2020.2.1\jbr\bin\server

VM Arguments:
java_command: git4idea.http.GitAskPassApp Username for 'https://github.com': 
java_class_path (initial): F:/PhpStorm 2020.2.1/plugins/git4idea/lib/git4idea-rt.jar;F:/PhpStorm 2020.2.1/lib/3rd-party.jar;F:/PhpStorm 2020.2.1/lib/3rd-party-rt.jar
Launcher Type: SUN_STANDARD

[Global flags]
     intx CICompilerCount                          = 4                                         {product} {ergonomic}
     uint ConcGCThreads                            = 3                                         {product} {ergonomic}
     uint G1ConcRefinementThreads                  = 10                                        {product} {ergonomic}
   size_t G1HeapRegionSize                         = 1048576                                   {product} {ergonomic}
    uintx GCDrainStackTargetSize                   = 64                                        {product} {ergonomic}
   size_t InitialHeapSize                          = 266338304                                 {product} {ergonomic}
   size_t MarkStackSize                            = 4194304                                   {product} {ergonomic}
   size_t MaxHeapSize                              = 4255121408                                {product} {ergonomic}
   size_t MinHeapDeltaBytes                        = 1048576                                   {product} {ergonomic}
    uintx NonNMethodCodeHeapSize                   = 5836300                                {pd product} {ergonomic}
    uintx NonProfiledCodeHeapSize                  = 122910970                              {pd product} {ergonomic}
    uintx ProfiledCodeHeapSize                     = 122910970                              {pd product} {ergonomic}
    uintx ReservedCodeCacheSize                    = 251658240                              {pd product} {ergonomic}
     bool SegmentedCodeCache                       = true                                      {product} {ergonomic}
     bool UseCompressedClassPointers               = true                                 {lp64_product} {ergonomic}
     bool UseCompressedOops                        = true                                 {lp64_product} {ergonomic}
     bool UseG1GC                                  = true                                      {product} {ergonomic}
     bool UseLargePagesIndividualAllocation        = false                                  {pd product} {ergonomic}

Logging:
Log output configuration:
 #0: stdout all=warning uptime,level,tags
 #1: stderr all=off uptime,level,tags

Environment Variables:
PATH=F:\Git\mingw64\libexec\git-core;F:\Git\mingw64\libexec\git-core;F:\Git\mingw64\bin;F:\Git\usr\bin;C:\Users\GL65\bin;C:\Program Files (x86)\Common Files\Oracle\Java\javapath;C:\Windows\system32;C:\Windows;C:\Windows\System32\Wbem;C:\Windows\System32\WindowsPowerShell\v1.0;C:\Windows\System32\OpenSSH;C:\Program Files (x86)\NVIDIA Corporation\PhysX\Common;C:\Program Files\NVIDIA Corporation\NVIDIA NvDLISR;C:\Program Files\Intel\WiFi\bin;C:\Program Files\Common Files\Intel\WirelessCommon;D:\Xampp\php;C:\ProgramData\ComposerSetup\bin;C:\WINDOWS\system32;C:\WINDOWS;C:\WINDOWS\System32\Wbem;C:\WINDOWS\System32\WindowsPowerShell\v1.0;C:\WINDOWS\System32\OpenSSH;F:\nodejs;C:\Program Files\PuTTY;C:\Program Files\Redis;C:\HashiCorp\Vagrant\bin;F:\Git\cmd;C:\Users\GL65\AppData\Local\Microsoft\WindowsApps;F:\Microsoft VS Code\bin;C:\Users\GL65\AppData\Roaming\Composer\vendor\bin;C:\Users\GL65\AppData\Roaming\npm;C:\ffmpeg\bin
USERNAME=GL65
DISPLAY=:0.0
LC_ALL=en_US.UTF-8
OS=Windows_NT
PROCESSOR_IDENTIFIER=Intel64 Family 6 Model 158 Stepping 10, GenuineIntel



---------------  S Y S T E M  ---------------

OS: Windows 11 , 64 bit Build 22000 (10.0.22000.708)
OS uptime: 25 days 11:00 hours

CPU:total 12 (initial active 12) (6 cores per cpu, 2 threads per core) family 6 model 158 stepping 10 microcode 0xde, cmov, cx8, fxsr, mmx, sse, sse2, sse3, ssse3, sse4.1, sse4.2, popcnt, avx, avx2, aes, clmul, erms, 3dnowpref, lzcnt, ht, tsc, tscinvbit, bmi1, bmi2, adx, fma

Memory: 4k page, system-wide physical 16229M (1700M free)
TotalPageFile size 43232M (AvailPageFile size 228M)
current process WorkingSet (physical memory assigned to process): 10M, peak: 10M
current process commit charge ("private bytes"): 64M, peak: 318M

vm_info: OpenJDK 64-Bit Server VM (11.0.13+7-b1751.25) for windows-amd64 JRE (11.0.13+7-b1751.25), built on Jan 13 2022 20:47:27 by "" with MS VC++ 14.0 (VS2015)

END.
